\BOOKMARK [0][]{chapter*.3}{Abstract}{}% 1
\BOOKMARK [0][]{chapter*.4}{Prefazione}{}% 2
\BOOKMARK [0][]{chapter*.5}{Acknowledgements}{}% 3
\BOOKMARK [0][]{section*.6}{Indice}{}% 4
\BOOKMARK [0][]{section*.8}{Elenco\040delle\040figure}{}% 5
\BOOKMARK [0][]{section*.9}{Elenco\040delle\040tabelle}{}% 6
\BOOKMARK [0][]{section*.10}{Todo\040list}{}% 7
\BOOKMARK [0][]{chapter.1}{1\040Introduzione}{}% 8
\BOOKMARK [1][]{section.1.1}{\376\377\0001\000.\0001\000\040\000P\000r\000o\000p\000r\000i\000e\000t\000\340\000\040\000m\000e\000c\000c\000a\000n\000i\000c\000h\000e\000\040\000s\000u\000l\000l\000a\000\040\000d\000e\000f\000o\000r\000m\000a\000b\000i\000l\000i\000t\000\340}{chapter.1}% 9
\BOOKMARK [2][]{subsection.1.1.1}{1.1.1\040Tensione\040a\040freddo\040nelle\040lavorazioni\040a\040freddo}{section.1.1}% 10
\BOOKMARK [2][]{subsection.1.1.2}{1.1.2\040Snervamento\040discontinuo}{section.1.1}% 11
\BOOKMARK [1][]{section.1.2}{1.2\040Tessitura\040e\040anisotropia}{chapter.1}% 12
\BOOKMARK [2][]{subsection.1.2.1}{\376\377\0001\000.\0002\000.\0001\000\040\000P\000r\000o\000p\000r\000i\000e\000t\000\340\000\040\000m\000o\000d\000i\000f\000i\000c\000a\000t\000e}{section.1.2}% 13
\BOOKMARK [3][]{subsubsection.1.2.1.1}{1.2.1.1\040Reticolo\040esagonale\040compatto}{subsection.1.2.1}% 14
\BOOKMARK [3][]{subsubsection.1.2.1.2}{1.2.1.2\040Reticolo\040cubico}{subsection.1.2.1}% 15
\BOOKMARK [1][]{section.1.3}{1.3\040Effetti\040delle\040lavorazioni\040a\040freddo}{chapter.1}% 16
\BOOKMARK [2][]{subsection.1.3.1}{\376\377\0001\000.\0003\000.\0001\000\040\000E\000f\000f\000e\000t\000t\000i\000\040\000d\000e\000l\000l\000a\000\040\000v\000e\000l\000o\000c\000i\000t\000\340\000\040\000d\000i\000\040\000d\000e\000f\000o\000r\000m\000a\000z\000i\000o\000n\000e}{section.1.3}% 17
\BOOKMARK [1][]{section.1.4}{\376\377\0001\000.\0004\000\040\000L\000i\000m\000i\000t\000i\000\040\000d\000i\000\040\000f\000o\000r\000m\000a\000b\000i\000l\000i\000t\000\340\000\040\000d\000e\000l\000l\000e\000\040\000l\000a\000m\000i\000e\000r\000e}{chapter.1}% 18
\BOOKMARK [2][]{subsection.1.4.1}{1.4.1\040Come\040mai\040le\040lamiere?}{section.1.4}% 19
\BOOKMARK [1][]{section.1.5}{1.5\040Materiali\040per\040lamiere}{chapter.1}% 20
\BOOKMARK [2][]{subsection.1.5.1}{1.5.1\040Acciai}{section.1.5}% 21
\BOOKMARK [0][]{chapter.2}{2\040Sinterizzazione}{}% 22
\BOOKMARK [1][]{section.2.1}{2.1\040La\040lavorazione}{chapter.2}% 23
\BOOKMARK [2][]{subsection.2.1.1}{2.1.1\040Produzione\040delle\040polveri}{section.2.1}% 24
\BOOKMARK [0][]{chapter.3}{3\040Lavorazioni\040per\040asportazione\040di\040truciolo}{}% 25
\BOOKMARK [1][]{section.3.1}{3.1\040Introduzione}{chapter.3}% 26
\BOOKMARK [1][]{section.3.2}{3.2\040Taglio\040ortogonale\040ideale}{chapter.3}% 27
\BOOKMARK [2][]{subsection.3.2.1}{3.2.1\040Fattore\040di\040attrito}{section.3.2}% 28
\BOOKMARK [2][]{subsection.3.2.2}{3.2.2\040Valutazione\040delle\040forze}{section.3.2}% 29
\BOOKMARK [1][]{section.3.3}{3.3\040Taglio\040ortogonale\040realistico}{chapter.3}% 30
\BOOKMARK [2][]{subsection.3.3.1}{3.3.1\040Truciolo\040continuo}{section.3.3}% 31
\BOOKMARK [3][]{subsubsection.3.3.1.1}{3.3.1.1\040Truciolo\040continuo\040ondulato}{subsection.3.3.1}% 32
\BOOKMARK [3][]{subsubsection.3.3.1.2}{3.3.1.2\040Truciolo\040continuo\040a\040dente\040di\040sega}{subsection.3.3.1}% 33
\BOOKMARK [2][]{subsection.3.3.2}{3.3.2\040Truciolo\040discontinuo}{section.3.3}% 34
\BOOKMARK [2][]{subsection.3.3.3}{3.3.3\040La\040rottura\040del\040truciolo}{section.3.3}% 35
\BOOKMARK [1][]{section.3.4}{3.4\040Taglio\040obliquo}{chapter.3}% 36
\BOOKMARK [2][]{subsection.3.4.1}{3.4.1\040Tornitura}{section.3.4}% 37
\BOOKMARK [2][]{subsection.3.4.2}{3.4.2\040Calcolo\040della\040forza\040ed\040energia}{section.3.4}% 38
\BOOKMARK [2][]{subsection.3.4.3}{3.4.3\040Temperature}{section.3.4}% 39
\BOOKMARK [2][]{subsection.3.4.4}{3.4.4\040Fluidi\040da\040taglio}{section.3.4}% 40
\BOOKMARK [1][]{section.3.5}{3.5\040Lavorazioni\040al\040trapano}{chapter.3}% 41
\BOOKMARK [2][]{subsection.3.5.1}{3.5.1\040Tipologie\040di\040trapani}{section.3.5}% 42
\BOOKMARK [1][]{section.3.6}{3.6\040Fresatura}{chapter.3}% 43
\BOOKMARK [2][]{subsection.3.6.1}{3.6.1\040Fresatura\040periferica}{section.3.6}% 44
\BOOKMARK [2][]{subsection.3.6.2}{3.6.2\040Fresatura\040verticale}{section.3.6}% 45
\BOOKMARK [3][]{subsubsection.3.6.2.1}{3.6.2.1\040Fresa\040a\040codolo}{subsection.3.6.2}% 46
\BOOKMARK [1][]{section.3.7}{3.7\040Brocciatura\040e\040taglio\040di\040filetti}{chapter.3}% 47
\BOOKMARK [2][]{subsection.3.7.1}{3.7.1\040La\040brocciatura}{section.3.7}% 48
\BOOKMARK [2][]{subsection.3.7.2}{3.7.2\040Filettature}{section.3.7}% 49
\BOOKMARK [1][]{section.3.8}{3.8\040Produzione\040di\040ingranaggi}{chapter.3}% 50
\BOOKMARK [0][]{chapter.4}{4\040Variabili\040di\040processo\040per\040lavorazioni\040in\040asportazione\040di\040truciolo}{}% 51
\BOOKMARK [1][]{subsection.4.0.1}{4.0.1\040Durata\040lavorazione\040e\040potenza\040macchina}{chapter.4}% 52
\BOOKMARK [2][]{subsubsection.4.0.1.1}{4.0.1.1\040Esempio\040applicativo}{subsection.4.0.1}% 53
\BOOKMARK [0][]{chapter.5}{5\040Macchine\040Utensili}{}% 54
\BOOKMARK [0][]{appendix.A}{A\040Acronimi}{}% 55
